<?xml version="1.0" encoding="UTF-8"?>
<!-- Generated by org.testng.reporters.JUnitReportReporter -->
<testsuite hostname="LAPTOP-AQNRIHKI" failures="0" tests="1" name="runner.loginPageRunner" time="47.840" errors="0" timestamp="2024-08-22T10:13:32 IST" skipped="0">
  <testcase classname="runner.loginPageRunner" name="runScenario" time="47.840"/>
  <system-out/>
</testsuite> <!-- runner.loginPageRunner -->
