<?xml version="1.0" encoding="UTF-8"?>
<!-- Generated by org.testng.reporters.JUnitReportReporter -->
<testsuite hostname="LAPTOP-AQNRIHKI" failures="0" tests="5" name="stepDef.ParallelRun" time="197.068" errors="0" timestamp="2024-08-28T12:29:45 IST" skipped="0">
  <testcase classname="stepDef.ParallelRun" name="runScenario" time="47.124"/>
  <system-out/>
  <testcase classname="stepDef.ParallelRun" name="runScenario" time="48.668"/>
  <system-out/>
  <testcase classname="stepDef.ParallelRun" name="runScenario" time="35.910"/>
  <system-out/>
  <testcase classname="stepDef.ParallelRun" name="runScenario" time="30.653"/>
  <system-out/>
  <testcase classname="stepDef.ParallelRun" name="runScenario" time="34.713"/>
  <system-out/>
</testsuite> <!-- stepDef.ParallelRun -->
