<?xml version="1.0" encoding="UTF-8"?>
<!-- Generated by org.testng.reporters.JUnitReportReporter -->
<testsuite hostname="LAPTOP-AQNRIHKI" failures="0" tests="1" name="runner.loginPageRunner" time="44.766" errors="0" timestamp="2024-08-07T16:04:28 IST" skipped="0">
  <testcase classname="runner.loginPageRunner" name="runScenario" time="44.766"/>
  <system-out/>
</testsuite> <!-- runner.loginPageRunner -->
